<?xml version="1.0" encoding="UTF-8"?>
<!-- Generated by org.testng.reporters.JUnitReportReporter -->
<testsuite skipped="0" hostname="ass-PC" name="GIN.ActMissAct" tests="1" failures="0" timestamp="2020-04-02T16:09:57 MSK" time="17.920" errors="1">
  <testcase name="missAct" time="17.920" classname="GIN.ActMissAct">
    <error type="org.openqa.selenium.SessionNotCreatedException" message="session not created
from chrome not reachable
  (Session info: chrome=80.0.3987.149)
Build info: version: &#039;4.0.0-alpha-5&#039;, revision: &#039;b3a0d621cc&#039;
System info: host: &#039;ASS-PC&#039;, ip: &#039;172.18.16.141&#039;, os.name: &#039;Windows 10&#039;, os.arch: &#039;amd64&#039;, os.version: &#039;10.0&#039;, java.version: &#039;1.8.0_241&#039;
Driver info: driver.version: ChromeDriver
remote stacktrace: Backtrace:
	Ordinal0 [0x009C0C83+1707139]
	Ordinal0 [0x009268F1+1075441]
	Ordinal0 [0x0089DE72+515698]
	Ordinal0 [0x00897CA8+490664]
	Ordinal0 [0x0089839B+492443]
	Ordinal0 [0x008992F5+496373]
	Ordinal0 [0x00894F05+478981]
	Ordinal0 [0x0089ECA0+519328]
	Ordinal0 [0x0084CA67+182887]
	Ordinal0 [0x0084BDDD+179677]
	Ordinal0 [0x00849D4B+171339]
	Ordinal0 [0x00831D4A+73034]
	Ordinal0 [0x00832DC0+77248]
	Ordinal0 [0x00832D59+77145]
	Ordinal0 [0x0093BB67+1162087]
	GetHandleVerifier [0x00A5A966+508998]
	GetHandleVerifier [0x00A5A6A4+508292]
	GetHandleVerifier [0x00A6F7B7+594583]
	GetHandleVerifier [0x00A5B1D6+511158]
	Ordinal0 [0x0093402C+1130540]
	Ordinal0 [0x0093D4CB+1168587]
	Ordinal0 [0x0093D633+1168947]
	Ordinal0 [0x00955B35+1268533]
	BaseThreadInitThunk [0x75096359+25]
	RtlGetAppContainerNamedObjectPath [0x777C7B74+228]
	RtlGetAppContainerNamedObjectPath [0x777C7B44+180]
">
      <![CDATA[org.openqa.selenium.SessionNotCreatedException: session not created
from chrome not reachable
  (Session info: chrome=80.0.3987.149)
Build info: version: '4.0.0-alpha-5', revision: 'b3a0d621cc'
System info: host: 'ASS-PC', ip: '172.18.16.141', os.name: 'Windows 10', os.arch: 'amd64', os.version: '10.0', java.version: '1.8.0_241'
Driver info: driver.version: ChromeDriver
remote stacktrace: Backtrace:
Ordinal0 [0x009C0C83+1707139]
Ordinal0 [0x009268F1+1075441]
Ordinal0 [0x0089DE72+515698]
Ordinal0 [0x00897CA8+490664]
Ordinal0 [0x0089839B+492443]
Ordinal0 [0x008992F5+496373]
Ordinal0 [0x00894F05+478981]
Ordinal0 [0x0089ECA0+519328]
Ordinal0 [0x0084CA67+182887]
Ordinal0 [0x0084BDDD+179677]
Ordinal0 [0x00849D4B+171339]
Ordinal0 [0x00831D4A+73034]
Ordinal0 [0x00832DC0+77248]
Ordinal0 [0x00832D59+77145]
Ordinal0 [0x0093BB67+1162087]
GetHandleVerifier [0x00A5A966+508998]
GetHandleVerifier [0x00A5A6A4+508292]
GetHandleVerifier [0x00A6F7B7+594583]
GetHandleVerifier [0x00A5B1D6+511158]
Ordinal0 [0x0093402C+1130540]
Ordinal0 [0x0093D4CB+1168587]
Ordinal0 [0x0093D633+1168947]
Ordinal0 [0x00955B35+1268533]
BaseThreadInitThunk [0x75096359+25]
RtlGetAppContainerNamedObjectPath [0x777C7B74+228]
RtlGetAppContainerNamedObjectPath [0x777C7B44+180]

at sun.reflect.NativeConstructorAccessorImpl.newInstance0(Native Method)
at sun.reflect.NativeConstructorAccessorImpl.newInstance(Unknown Source)
at sun.reflect.DelegatingConstructorAccessorImpl.newInstance(Unknown Source)
at java.lang.reflect.Constructor.newInstance(Unknown Source)
at org.openqa.selenium.remote.W3CHandshakeResponse.lambda$errorHandler$0(W3CHandshakeResponse.java:62)
at org.openqa.selenium.remote.HandshakeResponse.lambda$getResponseFunction$0(HandshakeResponse.java:30)
at org.openqa.selenium.remote.ProtocolHandshake.lambda$createSession$1(ProtocolHandshake.java:126)
at java.util.stream.ReferencePipeline$3$1.accept(Unknown Source)
at java.util.Spliterators$ArraySpliterator.tryAdvance(Unknown Source)
at java.util.stream.ReferencePipeline.forEachWithCancel(Unknown Source)
at java.util.stream.AbstractPipeline.copyIntoWithCancel(Unknown Source)
at java.util.stream.AbstractPipeline.copyInto(Unknown Source)
at java.util.stream.AbstractPipeline.wrapAndCopyInto(Unknown Source)
at java.util.stream.FindOps$FindOp.evaluateSequential(Unknown Source)
at java.util.stream.AbstractPipeline.evaluate(Unknown Source)
at java.util.stream.ReferencePipeline.findFirst(Unknown Source)
at org.openqa.selenium.remote.ProtocolHandshake.createSession(ProtocolHandshake.java:128)
at org.openqa.selenium.remote.ProtocolHandshake.createSession(ProtocolHandshake.java:75)
at org.openqa.selenium.remote.HttpCommandExecutor.execute(HttpCommandExecutor.java:139)
at org.openqa.selenium.remote.service.DriverCommandExecutor.execute(DriverCommandExecutor.java:83)
at org.openqa.selenium.remote.RemoteWebDriver.execute(RemoteWebDriver.java:582)
at org.openqa.selenium.remote.RemoteWebDriver.startSession(RemoteWebDriver.java:216)
at org.openqa.selenium.remote.RemoteWebDriver.<init>(RemoteWebDriver.java:136)
at org.openqa.selenium.chromium.ChromiumDriver.<init>(ChromiumDriver.java:75)
at org.openqa.selenium.chrome.ChromeDriver.<init>(ChromeDriver.java:163)
at org.openqa.selenium.chrome.ChromeDriver.<init>(ChromeDriver.java:150)
at org.openqa.selenium.chrome.ChromeDriver.<init>(ChromeDriver.java:139)
at GIN.ActMissAct.missAct(ActMissAct.java:95)
at sun.reflect.NativeMethodAccessorImpl.invoke0(Native Method)
at sun.reflect.NativeMethodAccessorImpl.invoke(Unknown Source)
at sun.reflect.DelegatingMethodAccessorImpl.invoke(Unknown Source)
at java.lang.reflect.Method.invoke(Unknown Source)
at org.testng.internal.MethodInvocationHelper.invokeMethod(MethodInvocationHelper.java:133)
at org.testng.internal.TestInvoker.invokeMethod(TestInvoker.java:584)
at org.testng.internal.TestInvoker.invokeTestMethod(TestInvoker.java:172)
at org.testng.internal.MethodRunner.runInSequence(MethodRunner.java:46)
at org.testng.internal.TestInvoker$MethodInvocationAgent.invoke(TestInvoker.java:804)
at org.testng.internal.TestInvoker.invokeTestMethods(TestInvoker.java:145)
at org.testng.internal.TestMethodWorker.invokeTestMethods(TestMethodWorker.java:146)
at org.testng.internal.TestMethodWorker.run(TestMethodWorker.java:128)
at java.util.ArrayList.forEach(Unknown Source)
at org.testng.TestRunner.privateRun(TestRunner.java:770)
at org.testng.TestRunner.run(TestRunner.java:591)
at org.testng.SuiteRunner.runTest(SuiteRunner.java:402)
at org.testng.SuiteRunner.runSequentially(SuiteRunner.java:396)
at org.testng.SuiteRunner.privateRun(SuiteRunner.java:355)
at org.testng.SuiteRunner.run(SuiteRunner.java:304)
at org.testng.SuiteRunnerWorker.runSuite(SuiteRunnerWorker.java:53)
at org.testng.SuiteRunnerWorker.run(SuiteRunnerWorker.java:96)
at org.testng.TestNG.runSuitesSequentially(TestNG.java:1180)
at org.testng.TestNG.runSuitesLocally(TestNG.java:1102)
at org.testng.TestNG.runSuites(TestNG.java:1032)
at org.testng.TestNG.run(TestNG.java:1000)
at org.testng.remote.AbstractRemoteTestNG.run(AbstractRemoteTestNG.java:115)
at org.testng.remote.RemoteTestNG.initAndRun(RemoteTestNG.java:251)
at org.testng.remote.RemoteTestNG.main(RemoteTestNG.java:77)
]]>
    </error>
  </testcase> <!-- missAct -->
</testsuite> <!-- GIN.ActMissAct -->
